<?xml version="1.0" encoding="UTF-8"?>
<testsuite xmlns:xsi="http://www.w3.org/2001/XMLSchema-instance" xsi:noNamespaceSchemaLocation="https://maven.apache.org/surefire/maven-surefire-plugin/xsd/surefire-test-report-3.0.xsd" version="3.0" name="gr2181.smittesporer.UserTest" time="0.064" tests="4" errors="0" skipped="0" failures="0">
  <properties>
[...]
</properties>
  <testcase name="testEmail" classname="gr2181.smittesporer.UserTest" time="0.035"/>
  <testcase name="testSetForname" classname="gr2181.smittesporer.UserTest" time="0.003"/>
  <testcase name="testPassword" classname="gr2181.smittesporer.UserTest" time="0.003"/>
  <testcase name="testConstructor" classname="gr2181.smittesporer.UserTest" time="0.004"/>
</testsuite>