<?xml version="1.0" encoding="UTF-8" standalone="yes"?><!DOCTYPE report PUBLIC "-//JACOCO//DTD Report 1.1//EN" "report.dtd"><report name="javafx-template"><sessioninfo id="Alexander-89330103" start="1632426958166" dump="1632426959649"/><sessioninfo id="DESKTOP-LA4SU3K-9947ea4b" start="1632732253739" dump="1632732254466"/><sessioninfo id="DESKTOP-LA4SU3K-8e035a63" start="1632732613813" dump="1632732614525"/><sessioninfo id="DESKTOP-LA4SU3K-161a784a" start="1632732921070" dump="1632732921812"/><sessioninfo id="DESKTOP-LA4SU3K-7ae63590" start="1632733235990" dump="1632733236710"/><sessioninfo id="DESKTOP-LA4SU3K-fed2186b" start="1632733488667" dump="1632733489381"/><sessioninfo id="DESKTOP-LA4SU3K-9ac0da7e" start="1632733937720" dump="1632733938466"/><sessioninfo id="DESKTOP-LA4SU3K-c4f8a80f" start="1632734049095" dump="1632734049809"/><sessioninfo id="DESKTOP-LA4SU3K-7fa6ed10" start="1632734131254" dump="1632734131974"/><sessioninfo id="DESKTOP-LA4SU3K-a92f7656" start="1632734481417" dump="1632734482150"/><sessioninfo id="DESKTOP-LA4SU3K-f63c5f87" start="1632734630252" dump="1632734631002"/></report>