GROUP,PACKAGE,CLASS,INSTRUCTION_MISSED,INSTRUCTION_COVERED,BRANCH_MISSED,BRANCH_COVERED,LINE_MISSED,LINE_COVERED,COMPLEXITY_MISSED,COMPLEXITY_COVERED,METHOD_MISSED,METHOD_COVERED
javafx-template,gr2181.smittesporer,FileHandler,138,0,10,0,35,0,8,0,3,0
javafx-template,gr2181.smittesporer,MainController,4,0,0,0,2,0,2,0,2,0
javafx-template,gr2181.smittesporer,FileHandler.new TypeToken() {...},6,0,0,0,1,0,1,0,1,0
javafx-template,gr2181.smittesporer,User,16,130,4,16,4,36,6,14,2,8
javafx-template,gr2181.smittesporer,LoginController,9,0,0,0,5,0,3,0,3,0
javafx-template,gr2181.smittesporer,App,46,0,0,0,15,0,4,0,4,0
javafx-template,gr2181.smittesporer,RegistrationController,36,0,0,0,10,0,3,0,3,0
